  [4;36;1mSQL (1.0ms)[0m   [0;1mSET NAMES 'utf8'[0m
  [4;35;1mSQL (0.0ms)[0m   [0mSET SQL_AUTO_IS_NULL=0[0m


Processing ApplicationController#index (for 127.0.0.1 at 2010-05-04 16:33:04) [GET]

ActionController::RoutingError (No route matches "/crossdomain.xml" with {:method=>:get}):
  

Rendering rescues/layout (not_found)
  [4;36;1mSQL (0.0ms)[0m   [0;1mSET NAMES 'utf8'[0m
  [4;35;1mSQL (1.0ms)[0m   [0mSET SQL_AUTO_IS_NULL=0[0m


Processing ReportsController#index to xml (for 127.0.0.1 at 2010-05-04 16:34:50) [GET]
  [4;36;1mReport Load (124.0ms)[0m   [0;1mSELECT * FROM `reports` [0m
  [4;35;1mReport Columns (2.0ms)[0m   [0mSHOW FIELDS FROM `reports`[0m
Completed in 149ms (View: 14, DB: 127) | 200 OK [http://localhost/reports.xml]
  [4;36;1mSQL (0.0ms)[0m   [0;1mSET NAMES 'utf8'[0m
  [4;35;1mSQL (0.0ms)[0m   [0mSET SQL_AUTO_IS_NULL=0[0m


Processing ReportsController#index to xml (for 127.0.0.1 at 2010-05-04 16:35:34) [GET]
  [4;36;1mReport Load (1.0ms)[0m   [0;1mSELECT * FROM `reports` [0m
  [4;35;1mReport Columns (3.0ms)[0m   [0mSHOW FIELDS FROM `reports`[0m
Completed in 17ms (View: 6, DB: 4) | 200 OK [http://localhost/reports.xml]
  [4;36;1mSQL (0.0ms)[0m   [0;1mSET NAMES 'utf8'[0m
  [4;35;1mSQL (0.0ms)[0m   [0mSET SQL_AUTO_IS_NULL=0[0m
  [4;36;1mSQL (44.0ms)[0m   [0;1mSHOW TABLES[0m
  [4;35;1mSQL (29.0ms)[0m   [0mSELECT version FROM schema_migrations[0m
Migrating to CreateReports (20100504105907)
  [4;36;1mSQL (0.0ms)[0m   [0;1mMysql::Error: Table 'reports' already exists: CREATE TABLE `reports` (`id` int(11) DEFAULT NULL auto_increment PRIMARY KEY, `month` varchar(255), `profit` float, `expenses` float, `amount` float, `created_at` datetime, `updated_at` datetime) ENGINE=InnoDB[0m
